<?xml version="1.0" encoding="UTF-8"?>
<!-- Generated by org.testng.reporters.JUnitReportReporter -->
<testsuite skipped="0" hostname="ArunRamalingam" name="cucumberOptions.TestRunnerClass" tests="1" failures="0" timestamp="27 Nov 2022 04:00:22 GMT" time="13.929" errors="0">
  <testcase name="runScenario" time="13.929" classname="cucumberOptions.TestRunnerClass"/>
</testsuite> <!-- cucumberOptions.TestRunnerClass -->
